<?xml version="1.0" encoding="UTF-8" ?>
<testsuite failures="0" time="4.419" errors="1" skipped="0" tests="1" name="com.phdhub.oauth.test.AuthorizationTest">
  <properties>
    <property name="java.runtime.name" value="Java(TM) SE Runtime Environment"/>
    <property name="sun.boot.library.path" value="C:\Program Files\Java\jdk1.6.0_22\jre\bin"/>
    <property name="java.vm.version" value="17.1-b03"/>
    <property name="java.vm.vendor" value="Sun Microsystems Inc."/>
    <property name="java.vendor.url" value="http://java.sun.com/"/>
    <property name="path.separator" value=";"/>
    <property name="java.vm.name" value="Java HotSpot(TM) Client VM"/>
    <property name="file.encoding.pkg" value="sun.io"/>
    <property name="user.country" value="ES"/>
    <property name="sun.java.launcher" value="SUN_STANDARD"/>
    <property name="sun.os.patch.level" value="Service Pack 1"/>
    <property name="java.vm.specification.name" value="Java Virtual Machine Specification"/>
    <property name="user.dir" value="C:\Users\Alvaro\workspace\phdhub"/>
    <property name="java.runtime.version" value="1.6.0_22-b04"/>
    <property name="java.awt.graphicsenv" value="sun.awt.Win32GraphicsEnvironment"/>
    <property name="basedir" value="C:\Users\Alvaro\workspace\phdhub"/>
    <property name="java.endorsed.dirs" value="C:\Program Files\Java\jdk1.6.0_22\jre\lib\endorsed"/>
    <property name="os.arch" value="x86"/>
    <property name="surefire.real.class.path" value="C:\Users\Alvaro\workspace\phdhub\target\surefire\surefirebooter1805713412478704446.jar"/>
    <property name="java.io.tmpdir" value="C:\Users\Alvaro\AppData\Local\Temp\"/>
    <property name="line.separator" value="
"/>
    <property name="java.vm.specification.vendor" value="Sun Microsystems Inc."/>
    <property name="user.variant" value=""/>
    <property name="os.name" value="Windows 7"/>
    <property name="sun.jnu.encoding" value="Cp1252"/>
    <property name="java.library.path" value="C:\Program Files\Java\jdk1.6.0_22\jre\bin;.;C:\Windows\Sun\Java\bin;C:\Windows\system32;C:\Windows;C:\Program Files\Common Files\Microsoft Shared\Windows Live;C:\oraclexe\app\oracle\product\11.2.0\server\bin;;C:\apache-tomcat-6.0.16\bin;C:\apache-maven-3.0.3\bin;C:\Program Files\Java\jdk1.6.0_22\bin;C:\Windows\system32;C:\Windows;C:\Windows\System32\Wbem;C:\Windows\System32\WindowsPowerShell\v1.0\;C:\Program Files\MySQL\MySQL Server 5.1\bin;C:\Program Files\TortoiseSVN\bin;C:\Program Files\TortoiseHg\;c:\Program Files\Microsoft SQL Server\100\Tools\Binn\;c:\Program Files\Microsoft SQL Server\100\DTS\Binn\;C:\Program Files\Windows Live\Shared;C:\Program Files\Calibre2\"/>
    <property name="surefire.test.class.path" value="C:\Users\Alvaro\workspace\phdhub\target\test-classes;C:\Users\Alvaro\workspace\phdhub\target\classes;C:\Users\Alvaro\.m2\repository\org\apache\httpcomponents\httpclient\4.1.2\httpclient-4.1.2.jar;C:\Users\Alvaro\.m2\repository\commons-logging\commons-logging\1.1.1\commons-logging-1.1.1.jar;C:\Users\Alvaro\.m2\repository\commons-codec\commons-codec\1.3\commons-codec-1.3.jar;C:\Users\Alvaro\.m2\repository\org\apache\httpcomponents\httpcore\4.1.2\httpcore-4.1.2.jar;C:\Users\Alvaro\.m2\repository\oauth\signpost\signpost-core\1.1\signpost-core-1.1.jar;C:\Users\Alvaro\.m2\repository\oauth\signpost\signpost-commonshttp4\1.2.1.1\signpost-commonshttp4-1.2.1.1.jar;C:\Users\Alvaro\.m2\repository\net\sourceforge\htmlunit\htmlunit\2.9\htmlunit-2.9.jar;C:\Users\Alvaro\.m2\repository\xalan\xalan\2.7.1\xalan-2.7.1.jar;C:\Users\Alvaro\.m2\repository\xalan\serializer\2.7.1\serializer-2.7.1.jar;C:\Users\Alvaro\.m2\repository\commons-collections\commons-collections\3.2.1\commons-collections-3.2.1.jar;C:\Users\Alvaro\.m2\repository\commons-lang\commons-lang\2.6\commons-lang-2.6.jar;C:\Users\Alvaro\.m2\repository\org\apache\httpcomponents\httpmime\4.1.2\httpmime-4.1.2.jar;C:\Users\Alvaro\.m2\repository\net\sourceforge\htmlunit\htmlunit-core-js\2.9\htmlunit-core-js-2.9.jar;C:\Users\Alvaro\.m2\repository\xerces\xercesImpl\2.9.1\xercesImpl-2.9.1.jar;C:\Users\Alvaro\.m2\repository\xml-apis\xml-apis\1.3.04\xml-apis-1.3.04.jar;C:\Users\Alvaro\.m2\repository\net\sourceforge\nekohtml\nekohtml\1.9.15\nekohtml-1.9.15.jar;C:\Users\Alvaro\.m2\repository\net\sourceforge\cssparser\cssparser\0.9.5\cssparser-0.9.5.jar;C:\Users\Alvaro\.m2\repository\org\w3c\css\sac\1.3\sac-1.3.jar;C:\Users\Alvaro\.m2\repository\commons-io\commons-io\2.0.1\commons-io-2.0.1.jar;C:\Users\Alvaro\.m2\repository\junit\junit\4.8.2\junit-4.8.2.jar;"/>
    <property name="java.specification.name" value="Java Platform API Specification"/>
    <property name="java.class.version" value="50.0"/>
    <property name="sun.management.compiler" value="HotSpot Client Compiler"/>
    <property name="os.version" value="6.1"/>
    <property name="user.home" value="C:\Users\Alvaro"/>
    <property name="user.timezone" value="Europe/Paris"/>
    <property name="java.awt.printerjob" value="sun.awt.windows.WPrinterJob"/>
    <property name="java.specification.version" value="1.6"/>
    <property name="file.encoding" value="Cp1252"/>
    <property name="user.name" value="Alvaro"/>
    <property name="java.class.path" value="C:\Users\Alvaro\workspace\phdhub\target\test-classes;C:\Users\Alvaro\workspace\phdhub\target\classes;C:\Users\Alvaro\.m2\repository\org\apache\httpcomponents\httpclient\4.1.2\httpclient-4.1.2.jar;C:\Users\Alvaro\.m2\repository\commons-logging\commons-logging\1.1.1\commons-logging-1.1.1.jar;C:\Users\Alvaro\.m2\repository\commons-codec\commons-codec\1.3\commons-codec-1.3.jar;C:\Users\Alvaro\.m2\repository\org\apache\httpcomponents\httpcore\4.1.2\httpcore-4.1.2.jar;C:\Users\Alvaro\.m2\repository\oauth\signpost\signpost-core\1.1\signpost-core-1.1.jar;C:\Users\Alvaro\.m2\repository\oauth\signpost\signpost-commonshttp4\1.2.1.1\signpost-commonshttp4-1.2.1.1.jar;C:\Users\Alvaro\.m2\repository\net\sourceforge\htmlunit\htmlunit\2.9\htmlunit-2.9.jar;C:\Users\Alvaro\.m2\repository\xalan\xalan\2.7.1\xalan-2.7.1.jar;C:\Users\Alvaro\.m2\repository\xalan\serializer\2.7.1\serializer-2.7.1.jar;C:\Users\Alvaro\.m2\repository\commons-collections\commons-collections\3.2.1\commons-collections-3.2.1.jar;C:\Users\Alvaro\.m2\repository\commons-lang\commons-lang\2.6\commons-lang-2.6.jar;C:\Users\Alvaro\.m2\repository\org\apache\httpcomponents\httpmime\4.1.2\httpmime-4.1.2.jar;C:\Users\Alvaro\.m2\repository\net\sourceforge\htmlunit\htmlunit-core-js\2.9\htmlunit-core-js-2.9.jar;C:\Users\Alvaro\.m2\repository\xerces\xercesImpl\2.9.1\xercesImpl-2.9.1.jar;C:\Users\Alvaro\.m2\repository\xml-apis\xml-apis\1.3.04\xml-apis-1.3.04.jar;C:\Users\Alvaro\.m2\repository\net\sourceforge\nekohtml\nekohtml\1.9.15\nekohtml-1.9.15.jar;C:\Users\Alvaro\.m2\repository\net\sourceforge\cssparser\cssparser\0.9.5\cssparser-0.9.5.jar;C:\Users\Alvaro\.m2\repository\org\w3c\css\sac\1.3\sac-1.3.jar;C:\Users\Alvaro\.m2\repository\commons-io\commons-io\2.0.1\commons-io-2.0.1.jar;C:\Users\Alvaro\.m2\repository\junit\junit\4.8.2\junit-4.8.2.jar;"/>
    <property name="java.vm.specification.version" value="1.0"/>
    <property name="sun.arch.data.model" value="32"/>
    <property name="java.home" value="C:\Program Files\Java\jdk1.6.0_22\jre"/>
    <property name="java.specification.vendor" value="Sun Microsystems Inc."/>
    <property name="user.language" value="es"/>
    <property name="awt.toolkit" value="sun.awt.windows.WToolkit"/>
    <property name="java.vm.info" value="mixed mode, sharing"/>
    <property name="java.version" value="1.6.0_22"/>
    <property name="java.ext.dirs" value="C:\Program Files\Java\jdk1.6.0_22\jre\lib\ext;C:\Windows\Sun\Java\lib\ext"/>
    <property name="sun.boot.class.path" value="C:\Program Files\Java\jdk1.6.0_22\jre\lib\resources.jar;C:\Program Files\Java\jdk1.6.0_22\jre\lib\rt.jar;C:\Program Files\Java\jdk1.6.0_22\jre\lib\sunrsasign.jar;C:\Program Files\Java\jdk1.6.0_22\jre\lib\jsse.jar;C:\Program Files\Java\jdk1.6.0_22\jre\lib\jce.jar;C:\Program Files\Java\jdk1.6.0_22\jre\lib\charsets.jar;C:\Program Files\Java\jdk1.6.0_22\jre\classes"/>
    <property name="java.vendor" value="Sun Microsystems Inc."/>
    <property name="localRepository" value="C:\Users\Alvaro\.m2\repository"/>
    <property name="file.separator" value="\"/>
    <property name="java.vendor.url.bug" value="http://java.sun.com/cgi-bin/bugreport.cgi"/>
    <property name="sun.cpu.endian" value="little"/>
    <property name="sun.io.unicode.encoding" value="UnicodeLittle"/>
    <property name="sun.desktop" value="windows"/>
    <property name="sun.cpu.isalist" value="pentium_pro+mmx pentium_pro pentium+mmx pentium i486 i386 i86"/>
  </properties>
  <testcase time="4.366" classname="com.phdhub.oauth.test.AuthorizationTest" name="getProfile">
    <error message="Authorization failed (server replied with a 401). This can happen if the consumer key was not correct or the signatures did not match." type="oauth.signpost.exception.OAuthNotAuthorizedException">oauth.signpost.exception.OAuthNotAuthorizedException: Authorization failed (server replied with a 401). This can happen if the consumer key was not correct or the signatures did not match.
	at oauth.signpost.basic.DefaultOAuthProvider.retrieveToken(DefaultOAuthProvider.java:143)
	at oauth.signpost.basic.DefaultOAuthProvider.retrieveAccessToken(DefaultOAuthProvider.java:109)
	at com.phdhub.oauth.Authorization.getTokenOauth(Authorization.java:47)
	at com.phdhub.oauth.test.AuthorizationTest.getProfile(AuthorizationTest.java:34)
	at sun.reflect.NativeMethodAccessorImpl.invoke0(Native Method)
	at sun.reflect.NativeMethodAccessorImpl.invoke(NativeMethodAccessorImpl.java:39)
	at sun.reflect.DelegatingMethodAccessorImpl.invoke(DelegatingMethodAccessorImpl.java:25)
	at java.lang.reflect.Method.invoke(Method.java:597)
	at org.junit.runners.model.FrameworkMethod$1.runReflectiveCall(FrameworkMethod.java:44)
	at org.junit.internal.runners.model.ReflectiveCallable.run(ReflectiveCallable.java:15)
	at org.junit.runners.model.FrameworkMethod.invokeExplosively(FrameworkMethod.java:41)
	at org.junit.internal.runners.statements.InvokeMethod.evaluate(InvokeMethod.java:20)
	at org.junit.internal.runners.statements.RunBefores.evaluate(RunBefores.java:28)
	at org.junit.runners.BlockJUnit4ClassRunner.runNotIgnored(BlockJUnit4ClassRunner.java:79)
	at org.junit.runners.BlockJUnit4ClassRunner.runChild(BlockJUnit4ClassRunner.java:71)
	at org.junit.runners.BlockJUnit4ClassRunner.runChild(BlockJUnit4ClassRunner.java:49)
	at org.junit.runners.ParentRunner$3.run(ParentRunner.java:193)
	at org.junit.runners.ParentRunner$1.schedule(ParentRunner.java:52)
	at org.junit.runners.ParentRunner.runChildren(ParentRunner.java:191)
	at org.junit.runners.ParentRunner.access$000(ParentRunner.java:42)
	at org.junit.runners.ParentRunner$2.evaluate(ParentRunner.java:184)
	at org.junit.runners.ParentRunner.run(ParentRunner.java:236)
	at org.apache.maven.surefire.junit4.JUnit4TestSet.execute(JUnit4TestSet.java:35)
	at org.apache.maven.surefire.junit4.JUnit4Provider.executeTestSet(JUnit4Provider.java:115)
	at org.apache.maven.surefire.junit4.JUnit4Provider.invoke(JUnit4Provider.java:97)
	at sun.reflect.NativeMethodAccessorImpl.invoke0(Native Method)
	at sun.reflect.NativeMethodAccessorImpl.invoke(NativeMethodAccessorImpl.java:39)
	at sun.reflect.DelegatingMethodAccessorImpl.invoke(DelegatingMethodAccessorImpl.java:25)
	at java.lang.reflect.Method.invoke(Method.java:597)
	at org.apache.maven.surefire.booter.ProviderFactory$ClassLoaderProxy.invoke(ProviderFactory.java:103)
	at $Proxy0.invoke(Unknown Source)
	at org.apache.maven.surefire.booter.SurefireStarter.invokeProvider(SurefireStarter.java:150)
	at org.apache.maven.surefire.booter.SurefireStarter.runSuitesInProcess(SurefireStarter.java:91)
	at org.apache.maven.surefire.booter.ForkedBooter.main(ForkedBooter.java:69)
</error>
    <system-out>@HL
@HL-------------------------------------------------------
@HL T E S T S
@HL-------------------------------------------------------
@SLRunning com.phdhub.oauth.test.AuthorizationTest
</system-out>
  </testcase>
</testsuite>